Arguments: 
  /usr/bin/node /usr/local/bin/yarn add moogdb

PATH: 
  /usr/local/bin:/usr/bin:/bin:/usr/local/games:/usr/games:/snap/bin:/opt/mssql-tools/bin:/opt/mssql-tools/bin

Yarn version: 
  1.22.17

Node version: 
  12.22.5

Platform: 
  linux x64

Trace: 
  Error: https://registry.yarnpkg.com/moogdb: Not found
      at Request.params.callback [as _callback] (/usr/local/lib/node_modules/yarn/lib/cli.js:67029:18)
      at Request.self.callback (/usr/local/lib/node_modules/yarn/lib/cli.js:140883:22)
      at Request.emit (events.js:314:20)
      at Request.<anonymous> (/usr/local/lib/node_modules/yarn/lib/cli.js:141855:10)
      at Request.emit (events.js:314:20)
      at IncomingMessage.<anonymous> (/usr/local/lib/node_modules/yarn/lib/cli.js:141777:12)
      at Object.onceWrapper (events.js:420:28)
      at IncomingMessage.emit (events.js:326:22)
      at endReadableNT (_stream_readable.js:1241:12)
      at processTicksAndRejections (internal/process/task_queues.js:84:21)

npm manifest: 
  {
    "name": "task-manager",
    "version": "1.0.0",
    "description": "",
    "main": "index.js",
    "scripts": {
      "test": "echo \"Error: no test specified\" && exit 1"
    },
    "keywords": [],
    "author": "",
    "license": "ISC"
  }

yarn manifest: 
  No manifest

Lockfile: 
  No lockfile
